<?xml version="1.0" encoding="UTF-8"?>
<testsuite name="is.ru.StringCalculator.CalculatorTest" tests="3" skipped="0" failures="0" errors="0" timestamp="2017-10-16T18:34:47" hostname="Hensla" time="0.007">
  <properties/>
  <testcase name="testEmptyString" classname="is.ru.StringCalculator.CalculatorTest" time="0.004"/>
  <testcase name="testTwoNumbers" classname="is.ru.StringCalculator.CalculatorTest" time="0.001"/>
  <testcase name="testOneNumber" classname="is.ru.StringCalculator.CalculatorTest" time="0.001"/>
  <system-out><![CDATA[]]></system-out>
  <system-err><![CDATA[]]></system-err>
</testsuite>
