<?xml version="1.0" encoding="UTF-8"?>
<testsuite name="is.ru.StringCalculator.CalculatorTest" tests="6" skipped="0" failures="0" errors="0" timestamp="2017-10-16T20:39:41" hostname="Hensla" time="0.005">
  <properties/>
  <testcase name="testLineSplit" classname="is.ru.StringCalculator.CalculatorTest" time="0.003"/>
  <testcase name="testUnknownAmountofNumbers" classname="is.ru.StringCalculator.CalculatorTest" time="0.001"/>
  <testcase name="testMultipleNumbers" classname="is.ru.StringCalculator.CalculatorTest" time="0.0"/>
  <testcase name="testEmptyString" classname="is.ru.StringCalculator.CalculatorTest" time="0.0"/>
  <testcase name="testTwoNumbers" classname="is.ru.StringCalculator.CalculatorTest" time="0.0"/>
  <testcase name="testOneNumber" classname="is.ru.StringCalculator.CalculatorTest" time="0.0"/>
  <system-out><![CDATA[]]></system-out>
  <system-err><![CDATA[]]></system-err>
</testsuite>
